{"C:\\Users\\G R SHANKER SAI\\Desktop\\ZEMOSO\\TypeScript+React_UZ\\Blinkist_Project\\my-app\\src\\App.tsx": {"path":"C:\\Users\\G R SHANKER SAI\\Desktop\\ZEMOSO\\TypeScript+React_UZ\\Blinkist_Project\\my-app\\src\\App.tsx","statementMap":{"0":{"start":{"line":16,"column":24},"end":{"line":16,"column":34}},"1":{"start":{"line":18,"column":2},"end":{"line":24,"column":3}},"2":{"start":{"line":19,"column":4},"end":{"line":23,"column":6}},"3":{"start":{"line":26,"column":2},"end":{"line":36,"column":4}}},"fnMap":{"0":{"name":"App","decl":{"start":{"line":15,"column":9},"end":{"line":15,"column":12}},"loc":{"start":{"line":15,"column":15},"end":{"line":37,"column":1}},"line":15}},"branchMap":{"0":{"loc":{"start":{"line":18,"column":2},"end":{"line":24,"column":3}},"type":"if","locations":[{"start":{"line":18,"column":2},"end":{"line":24,"column":3}},{"start":{},"end":{}}],"line":18}},"s":{"0":0,"1":0,"2":0,"3":0},"f":{"0":0},"b":{"0":[0,0]}}
,"C:\\Users\\G R SHANKER SAI\\Desktop\\ZEMOSO\\TypeScript+React_UZ\\Blinkist_Project\\my-app\\src\\index.tsx": {"path":"C:\\Users\\G R SHANKER SAI\\Desktop\\ZEMOSO\\TypeScript+React_UZ\\Blinkist_Project\\my-app\\src\\index.tsx","statementMap":{"0":{"start":{"line":8,"column":19},"end":{"line":8,"column":53}},"1":{"start":{"line":9,"column":21},"end":{"line":9,"column":58}},"2":{"start":{"line":11,"column":0},"end":{"line":17,"column":2}},"3":{"start":{"line":22,"column":0},"end":{"line":22,"column":18}}},"fnMap":{},"branchMap":{},"s":{"0":0,"1":0,"2":0,"3":0},"f":{},"b":{}}
,"C:\\Users\\G R SHANKER SAI\\Desktop\\ZEMOSO\\TypeScript+React_UZ\\Blinkist_Project\\my-app\\src\\reportWebVitals.ts": {"path":"C:\\Users\\G R SHANKER SAI\\Desktop\\ZEMOSO\\TypeScript+React_UZ\\Blinkist_Project\\my-app\\src\\reportWebVitals.ts","statementMap":{"0":{"start":{"line":3,"column":24},"end":{"line":13,"column":1}},"1":{"start":{"line":4,"column":2},"end":{"line":12,"column":3}},"2":{"start":{"line":5,"column":4},"end":{"line":11,"column":7}},"3":{"start":{"line":6,"column":6},"end":{"line":6,"column":26}},"4":{"start":{"line":7,"column":6},"end":{"line":7,"column":26}},"5":{"start":{"line":8,"column":6},"end":{"line":8,"column":26}},"6":{"start":{"line":9,"column":6},"end":{"line":9,"column":26}},"7":{"start":{"line":10,"column":6},"end":{"line":10,"column":27}}},"fnMap":{"0":{"name":"(anonymous_0)","decl":{"start":{"line":3,"column":24},"end":{"line":3,"column":25}},"loc":{"start":{"line":3,"column":57},"end":{"line":13,"column":1}},"line":3},"1":{"name":"(anonymous_1)","decl":{"start":{"line":5,"column":30},"end":{"line":5,"column":31}},"loc":{"start":{"line":5,"column":79},"end":{"line":11,"column":5}},"line":5}},"branchMap":{"0":{"loc":{"start":{"line":4,"column":2},"end":{"line":12,"column":3}},"type":"if","locations":[{"start":{"line":4,"column":2},"end":{"line":12,"column":3}},{"start":{},"end":{}}],"line":4},"1":{"loc":{"start":{"line":4,"column":6},"end":{"line":4,"column":52}},"type":"binary-expr","locations":[{"start":{"line":4,"column":6},"end":{"line":4,"column":17}},{"start":{"line":4,"column":21},"end":{"line":4,"column":52}}],"line":4}},"s":{"0":0,"1":0,"2":0,"3":0,"4":0,"5":0,"6":0,"7":0},"f":{"0":0,"1":0},"b":{"0":[0,0],"1":[0,0]}}
,"C:\\Users\\G R SHANKER SAI\\Desktop\\ZEMOSO\\TypeScript+React_UZ\\Blinkist_Project\\my-app\\src\\webpack.config.js": {"path":"C:\\Users\\G R SHANKER SAI\\Desktop\\ZEMOSO\\TypeScript+React_UZ\\Blinkist_Project\\my-app\\src\\webpack.config.js","statementMap":{"0":{"start":{"line":1,"column":0},"end":{"line":13,"column":4}}},"fnMap":{},"branchMap":{},"s":{"0":0},"f":{},"b":{}}
,"C:\\Users\\G R SHANKER SAI\\Desktop\\ZEMOSO\\TypeScript+React_UZ\\Blinkist_Project\\my-app\\src\\api\\books.tsx": {"path":"C:\\Users\\G R SHANKER SAI\\Desktop\\ZEMOSO\\TypeScript+React_UZ\\Blinkist_Project\\my-app\\src\\api\\books.tsx","statementMap":{},"fnMap":{},"branchMap":{},"s":{},"f":{},"b":{},"_coverageSchema":"1a1c01bbd47fc00a2c39e90264f33305004495a9","hash":"fb35d95ed1608b9a87da7419b06834d77af2d648"}
,"C:\\Users\\G R SHANKER SAI\\Desktop\\ZEMOSO\\TypeScript+React_UZ\\Blinkist_Project\\my-app\\src\\components\\atoms\\Avator\\Avator.stories.tsx": {"path":"C:\\Users\\G R SHANKER SAI\\Desktop\\ZEMOSO\\TypeScript+React_UZ\\Blinkist_Project\\my-app\\src\\components\\atoms\\Avator\\Avator.stories.tsx","statementMap":{"0":{"start":{"line":11,"column":50},"end":{"line":11,"column":80}},"1":{"start":{"line":11,"column":60},"end":{"line":11,"column":80}},"2":{"start":{"line":13,"column":26},"end":{"line":13,"column":43}}},"fnMap":{"0":{"name":"(anonymous_0)","decl":{"start":{"line":11,"column":50},"end":{"line":11,"column":51}},"loc":{"start":{"line":11,"column":60},"end":{"line":11,"column":80}},"line":11}},"branchMap":{},"s":{"0":0,"1":0,"2":0},"f":{"0":0},"b":{}}
,"C:\\Users\\G R SHANKER SAI\\Desktop\\ZEMOSO\\TypeScript+React_UZ\\Blinkist_Project\\my-app\\src\\components\\atoms\\Avator\\Avator.tsx": {"path":"C:\\Users\\G R SHANKER SAI\\Desktop\\ZEMOSO\\TypeScript+React_UZ\\Blinkist_Project\\my-app\\src\\components\\atoms\\Avator\\Avator.tsx","statementMap":{"0":{"start":{"line":5,"column":4},"end":{"line":7,"column":5}}},"fnMap":{"0":{"name":"CustomAvatar","decl":{"start":{"line":4,"column":24},"end":{"line":4,"column":36}},"loc":{"start":{"line":4,"column":56},"end":{"line":8,"column":1}},"line":4}},"branchMap":{},"s":{"0":1},"f":{"0":1},"b":{},"_coverageSchema":"1a1c01bbd47fc00a2c39e90264f33305004495a9","hash":"7f052227e5cd46b163e06704e9a0b46f91444002"}
,"C:\\Users\\G R SHANKER SAI\\Desktop\\ZEMOSO\\TypeScript+React_UZ\\Blinkist_Project\\my-app\\src\\components\\atoms\\Button\\Button.tsx": {"path":"C:\\Users\\G R SHANKER SAI\\Desktop\\ZEMOSO\\TypeScript+React_UZ\\Blinkist_Project\\my-app\\src\\components\\atoms\\Button\\Button.tsx","statementMap":{"0":{"start":{"line":3,"column":2},"end":{"line":15,"column":4}}},"fnMap":{"0":{"name":"CustomButton","decl":{"start":{"line":2,"column":24},"end":{"line":2,"column":36}},"loc":{"start":{"line":2,"column":57},"end":{"line":16,"column":1}},"line":2}},"branchMap":{},"s":{"0":21},"f":{"0":21},"b":{},"_coverageSchema":"1a1c01bbd47fc00a2c39e90264f33305004495a9","hash":"02b4cb5e987197735b0f254a326005992d644c62"}
,"C:\\Users\\G R SHANKER SAI\\Desktop\\ZEMOSO\\TypeScript+React_UZ\\Blinkist_Project\\my-app\\src\\components\\atoms\\Heading\\Heading.stories.tsx": {"path":"C:\\Users\\G R SHANKER SAI\\Desktop\\ZEMOSO\\TypeScript+React_UZ\\Blinkist_Project\\my-app\\src\\components\\atoms\\Heading\\Heading.stories.tsx","statementMap":{"0":{"start":{"line":11,"column":51},"end":{"line":11,"column":80}},"1":{"start":{"line":11,"column":59},"end":{"line":11,"column":80}},"2":{"start":{"line":13,"column":25},"end":{"line":13,"column":42}},"3":{"start":{"line":14,"column":0},"end":{"line":16,"column":1}},"4":{"start":{"line":18,"column":52},"end":{"line":18,"column":81}},"5":{"start":{"line":18,"column":60},"end":{"line":18,"column":81}},"6":{"start":{"line":20,"column":26},"end":{"line":20,"column":44}},"7":{"start":{"line":21,"column":0},"end":{"line":23,"column":1}},"8":{"start":{"line":25,"column":52},"end":{"line":25,"column":81}},"9":{"start":{"line":25,"column":60},"end":{"line":25,"column":81}},"10":{"start":{"line":27,"column":26},"end":{"line":27,"column":44}},"11":{"start":{"line":28,"column":0},"end":{"line":30,"column":1}}},"fnMap":{"0":{"name":"(anonymous_0)","decl":{"start":{"line":11,"column":51},"end":{"line":11,"column":52}},"loc":{"start":{"line":11,"column":59},"end":{"line":11,"column":80}},"line":11},"1":{"name":"(anonymous_1)","decl":{"start":{"line":18,"column":52},"end":{"line":18,"column":53}},"loc":{"start":{"line":18,"column":60},"end":{"line":18,"column":81}},"line":18},"2":{"name":"(anonymous_2)","decl":{"start":{"line":25,"column":52},"end":{"line":25,"column":53}},"loc":{"start":{"line":25,"column":60},"end":{"line":25,"column":81}},"line":25}},"branchMap":{},"s":{"0":0,"1":0,"2":0,"3":0,"4":0,"5":0,"6":0,"7":0,"8":0,"9":0,"10":0,"11":0},"f":{"0":0,"1":0,"2":0},"b":{}}
,"C:\\Users\\G R SHANKER SAI\\Desktop\\ZEMOSO\\TypeScript+React_UZ\\Blinkist_Project\\my-app\\src\\components\\atoms\\Heading\\Heading.tsx": {"path":"C:\\Users\\G R SHANKER SAI\\Desktop\\ZEMOSO\\TypeScript+React_UZ\\Blinkist_Project\\my-app\\src\\components\\atoms\\Heading\\Heading.tsx","statementMap":{"0":{"start":{"line":8,"column":17},"end":{"line":12,"column":1}},"1":{"start":{"line":10,"column":4},"end":{"line":10,"column":58}},"2":{"start":{"line":14,"column":24},"end":{"line":16,"column":1}},"3":{"start":{"line":15,"column":4},"end":{"line":15,"column":56}},"4":{"start":{"line":18,"column":24},"end":{"line":20,"column":1}},"5":{"start":{"line":19,"column":4},"end":{"line":19,"column":56}}},"fnMap":{"0":{"name":"(anonymous_0)","decl":{"start":{"line":8,"column":17},"end":{"line":8,"column":18}},"loc":{"start":{"line":8,"column":34},"end":{"line":12,"column":1}},"line":8},"1":{"name":"(anonymous_1)","decl":{"start":{"line":14,"column":24},"end":{"line":14,"column":25}},"loc":{"start":{"line":14,"column":39},"end":{"line":16,"column":1}},"line":14},"2":{"name":"(anonymous_2)","decl":{"start":{"line":18,"column":24},"end":{"line":18,"column":25}},"loc":{"start":{"line":18,"column":39},"end":{"line":20,"column":1}},"line":18}},"branchMap":{},"s":{"0":1,"1":1,"2":1,"3":1,"4":1,"5":1},"f":{"0":1,"1":1,"2":1},"b":{},"_coverageSchema":"1a1c01bbd47fc00a2c39e90264f33305004495a9","hash":"f698a3ebcd28e14961c2c86d4de662d5dc5aebdd"}
,"C:\\Users\\G R SHANKER SAI\\Desktop\\ZEMOSO\\TypeScript+React_UZ\\Blinkist_Project\\my-app\\src\\components\\atoms\\Icon\\Icon.stories.tsx": {"path":"C:\\Users\\G R SHANKER SAI\\Desktop\\ZEMOSO\\TypeScript+React_UZ\\Blinkist_Project\\my-app\\src\\components\\atoms\\Icon\\Icon.stories.tsx","statementMap":{"0":{"start":{"line":10,"column":47},"end":{"line":10,"column":72}},"1":{"start":{"line":10,"column":55},"end":{"line":10,"column":72}},"2":{"start":{"line":11,"column":22},"end":{"line":11,"column":39}},"3":{"start":{"line":12,"column":0},"end":{"line":14,"column":1}}},"fnMap":{"0":{"name":"(anonymous_0)","decl":{"start":{"line":10,"column":47},"end":{"line":10,"column":48}},"loc":{"start":{"line":10,"column":55},"end":{"line":10,"column":72}},"line":10}},"branchMap":{},"s":{"0":0,"1":0,"2":0,"3":0},"f":{"0":0},"b":{}}
,"C:\\Users\\G R SHANKER SAI\\Desktop\\ZEMOSO\\TypeScript+React_UZ\\Blinkist_Project\\my-app\\src\\components\\atoms\\Icon\\icon.tsx": {"path":"C:\\Users\\G R SHANKER SAI\\Desktop\\ZEMOSO\\TypeScript+React_UZ\\Blinkist_Project\\my-app\\src\\components\\atoms\\Icon\\icon.tsx","statementMap":{"0":{"start":{"line":11,"column":13},"end":{"line":18,"column":1}},"1":{"start":{"line":13,"column":4},"end":{"line":17,"column":5}}},"fnMap":{"0":{"name":"(anonymous_0)","decl":{"start":{"line":11,"column":13},"end":{"line":11,"column":14}},"loc":{"start":{"line":11,"column":28},"end":{"line":18,"column":1}},"line":11}},"branchMap":{},"s":{"0":1,"1":1},"f":{"0":1},"b":{},"_coverageSchema":"1a1c01bbd47fc00a2c39e90264f33305004495a9","hash":"56ab5b0d5d2245e1697f5a683bb205f795eb69ce"}
,"C:\\Users\\G R SHANKER SAI\\Desktop\\ZEMOSO\\TypeScript+React_UZ\\Blinkist_Project\\my-app\\src\\components\\atoms\\Image\\Image.stories.tsx": {"path":"C:\\Users\\G R SHANKER SAI\\Desktop\\ZEMOSO\\TypeScript+React_UZ\\Blinkist_Project\\my-app\\src\\components\\atoms\\Image\\Image.stories.tsx","statementMap":{"0":{"start":{"line":12,"column":48},"end":{"line":12,"column":65}},"1":{"start":{"line":12,"column":56},"end":{"line":12,"column":65}},"2":{"start":{"line":14,"column":23},"end":{"line":14,"column":40}}},"fnMap":{"0":{"name":"(anonymous_0)","decl":{"start":{"line":12,"column":48},"end":{"line":12,"column":49}},"loc":{"start":{"line":12,"column":56},"end":{"line":12,"column":65}},"line":12}},"branchMap":{},"s":{"0":0,"1":0,"2":0},"f":{"0":0},"b":{}}
,"C:\\Users\\G R SHANKER SAI\\Desktop\\ZEMOSO\\TypeScript+React_UZ\\Blinkist_Project\\my-app\\src\\components\\atoms\\Image\\Images.tsx": {"path":"C:\\Users\\G R SHANKER SAI\\Desktop\\ZEMOSO\\TypeScript+React_UZ\\Blinkist_Project\\my-app\\src\\components\\atoms\\Image\\Images.tsx","statementMap":{"0":{"start":{"line":4,"column":14},"end":{"line":8,"column":1}},"1":{"start":{"line":5,"column":4},"end":{"line":7,"column":5}}},"fnMap":{"0":{"name":"(anonymous_0)","decl":{"start":{"line":4,"column":14},"end":{"line":4,"column":15}},"loc":{"start":{"line":4,"column":18},"end":{"line":8,"column":1}},"line":4}},"branchMap":{},"s":{"0":1,"1":1},"f":{"0":1},"b":{},"_coverageSchema":"1a1c01bbd47fc00a2c39e90264f33305004495a9","hash":"29c747bb50140163c879bdc38275c3fd95d74357"}
,"C:\\Users\\G R SHANKER SAI\\Desktop\\ZEMOSO\\TypeScript+React_UZ\\Blinkist_Project\\my-app\\src\\components\\atoms\\Logo\\Logo.tsx": {"path":"C:\\Users\\G R SHANKER SAI\\Desktop\\ZEMOSO\\TypeScript+React_UZ\\Blinkist_Project\\my-app\\src\\components\\atoms\\Logo\\Logo.tsx","statementMap":{"0":{"start":{"line":8,"column":4},"end":{"line":10,"column":6}}},"fnMap":{"0":{"name":"Logo","decl":{"start":{"line":7,"column":24},"end":{"line":7,"column":28}},"loc":{"start":{"line":7,"column":53},"end":{"line":11,"column":1}},"line":7}},"branchMap":{},"s":{"0":1},"f":{"0":1},"b":{},"_coverageSchema":"1a1c01bbd47fc00a2c39e90264f33305004495a9","hash":"e13d179e733ec130a9c28ccc2b9fbabc85acfd7c"}
,"C:\\Users\\G R SHANKER SAI\\Desktop\\ZEMOSO\\TypeScript+React_UZ\\Blinkist_Project\\my-app\\src\\components\\atoms\\MenuItem\\MenuItem.stories.tsx": {"path":"C:\\Users\\G R SHANKER SAI\\Desktop\\ZEMOSO\\TypeScript+React_UZ\\Blinkist_Project\\my-app\\src\\components\\atoms\\MenuItem\\MenuItem.stories.tsx","statementMap":{"0":{"start":{"line":11,"column":51},"end":{"line":11,"column":80}},"1":{"start":{"line":11,"column":59},"end":{"line":11,"column":80}},"2":{"start":{"line":12,"column":24},"end":{"line":12,"column":41}},"3":{"start":{"line":13,"column":0},"end":{"line":17,"column":1}}},"fnMap":{"0":{"name":"(anonymous_0)","decl":{"start":{"line":11,"column":51},"end":{"line":11,"column":52}},"loc":{"start":{"line":11,"column":59},"end":{"line":11,"column":80}},"line":11}},"branchMap":{},"s":{"0":0,"1":0,"2":0,"3":0},"f":{"0":0},"b":{}}
,"C:\\Users\\G R SHANKER SAI\\Desktop\\ZEMOSO\\TypeScript+React_UZ\\Blinkist_Project\\my-app\\src\\components\\atoms\\MenuItem\\MenuItem.tsx": {"path":"C:\\Users\\G R SHANKER SAI\\Desktop\\ZEMOSO\\TypeScript+React_UZ\\Blinkist_Project\\my-app\\src\\components\\atoms\\MenuItem\\MenuItem.tsx","statementMap":{"0":{"start":{"line":10,"column":17},"end":{"line":18,"column":1}},"1":{"start":{"line":12,"column":4},"end":{"line":17,"column":5}}},"fnMap":{"0":{"name":"(anonymous_0)","decl":{"start":{"line":10,"column":17},"end":{"line":10,"column":18}},"loc":{"start":{"line":10,"column":32},"end":{"line":18,"column":1}},"line":10}},"branchMap":{},"s":{"0":6,"1":75},"f":{"0":75},"b":{},"_coverageSchema":"1a1c01bbd47fc00a2c39e90264f33305004495a9","hash":"85e626fe4eb6b66fdafbd45ae00ba7c242fcb713"}
,"C:\\Users\\G R SHANKER SAI\\Desktop\\ZEMOSO\\TypeScript+React_UZ\\Blinkist_Project\\my-app\\src\\components\\atoms\\Typography\\Typography.tsx": {"path":"C:\\Users\\G R SHANKER SAI\\Desktop\\ZEMOSO\\TypeScript+React_UZ\\Blinkist_Project\\my-app\\src\\components\\atoms\\Typography\\Typography.tsx","statementMap":{"0":{"start":{"line":9,"column":4},"end":{"line":11,"column":5}}},"fnMap":{"0":{"name":"Typographys","decl":{"start":{"line":8,"column":24},"end":{"line":8,"column":35}},"loc":{"start":{"line":8,"column":59},"end":{"line":12,"column":1}},"line":8}},"branchMap":{},"s":{"0":568},"f":{"0":568},"b":{},"_coverageSchema":"1a1c01bbd47fc00a2c39e90264f33305004495a9","hash":"4662c79d5be36a9317049f34fe30a48c5b22ee07"}
,"C:\\Users\\G R SHANKER SAI\\Desktop\\ZEMOSO\\TypeScript+React_UZ\\Blinkist_Project\\my-app\\src\\components\\molecules\\Banner\\Banner.stories.tsx": {"path":"C:\\Users\\G R SHANKER SAI\\Desktop\\ZEMOSO\\TypeScript+React_UZ\\Blinkist_Project\\my-app\\src\\components\\molecules\\Banner\\Banner.stories.tsx","statementMap":{"0":{"start":{"line":11,"column":49},"end":{"line":11,"column":66}},"1":{"start":{"line":11,"column":57},"end":{"line":11,"column":66}},"2":{"start":{"line":12,"column":22},"end":{"line":12,"column":39}}},"fnMap":{"0":{"name":"(anonymous_0)","decl":{"start":{"line":11,"column":49},"end":{"line":11,"column":50}},"loc":{"start":{"line":11,"column":57},"end":{"line":11,"column":66}},"line":11}},"branchMap":{},"s":{"0":0,"1":0,"2":0},"f":{"0":0},"b":{}}
,"C:\\Users\\G R SHANKER SAI\\Desktop\\ZEMOSO\\TypeScript+React_UZ\\Blinkist_Project\\my-app\\src\\components\\molecules\\Banner\\Banner.tsx": {"path":"C:\\Users\\G R SHANKER SAI\\Desktop\\ZEMOSO\\TypeScript+React_UZ\\Blinkist_Project\\my-app\\src\\components\\molecules\\Banner\\Banner.tsx","statementMap":{"0":{"start":{"line":49,"column":14},"end":{"line":67,"column":3}},"1":{"start":{"line":51,"column":4},"end":{"line":66,"column":6}}},"fnMap":{"0":{"name":"(anonymous_0)","decl":{"start":{"line":49,"column":14},"end":{"line":49,"column":15}},"loc":{"start":{"line":49,"column":19},"end":{"line":67,"column":3}},"line":49}},"branchMap":{},"s":{"0":2,"1":8},"f":{"0":8},"b":{},"_coverageSchema":"1a1c01bbd47fc00a2c39e90264f33305004495a9","hash":"6bdb0909547c61d8a1eddb4c7c3a07adb1526418"}
,"C:\\Users\\G R SHANKER SAI\\Desktop\\ZEMOSO\\TypeScript+React_UZ\\Blinkist_Project\\my-app\\src\\components\\molecules\\Card\\Card.stories.tsx": {"path":"C:\\Users\\G R SHANKER SAI\\Desktop\\ZEMOSO\\TypeScript+React_UZ\\Blinkist_Project\\my-app\\src\\components\\molecules\\Card\\Card.stories.tsx","statementMap":{"0":{"start":{"line":13,"column":47},"end":{"line":15,"column":12}},"1":{"start":{"line":13,"column":56},"end":{"line":15,"column":11}},"2":{"start":{"line":16,"column":22},"end":{"line":16,"column":39}},"3":{"start":{"line":17,"column":0},"end":{"line":25,"column":1}}},"fnMap":{"0":{"name":"(anonymous_0)","decl":{"start":{"line":13,"column":47},"end":{"line":13,"column":48}},"loc":{"start":{"line":13,"column":56},"end":{"line":15,"column":11}},"line":13}},"branchMap":{},"s":{"0":0,"1":0,"2":0,"3":0},"f":{"0":0},"b":{}}
,"C:\\Users\\G R SHANKER SAI\\Desktop\\ZEMOSO\\TypeScript+React_UZ\\Blinkist_Project\\my-app\\src\\components\\molecules\\Card\\Card.tsx": {"path":"C:\\Users\\G R SHANKER SAI\\Desktop\\ZEMOSO\\TypeScript+React_UZ\\Blinkist_Project\\my-app\\src\\components\\molecules\\Card\\Card.tsx","statementMap":{"0":{"start":{"line":24,"column":13},"end":{"line":103,"column":1}},"1":{"start":{"line":25,"column":21},"end":{"line":25,"column":34}},"2":{"start":{"line":26,"column":22},"end":{"line":26,"column":85}},"3":{"start":{"line":27,"column":4},"end":{"line":102,"column":5}},"4":{"start":{"line":33,"column":52},"end":{"line":33,"column":73}},"5":{"start":{"line":85,"column":91},"end":{"line":85,"column":117}}},"fnMap":{"0":{"name":"(anonymous_0)","decl":{"start":{"line":24,"column":13},"end":{"line":24,"column":14}},"loc":{"start":{"line":24,"column":28},"end":{"line":103,"column":1}},"line":24},"1":{"name":"(anonymous_1)","decl":{"start":{"line":33,"column":47},"end":{"line":33,"column":48}},"loc":{"start":{"line":33,"column":51},"end":{"line":33,"column":74}},"line":33},"2":{"name":"(anonymous_2)","decl":{"start":{"line":85,"column":86},"end":{"line":85,"column":87}},"loc":{"start":{"line":85,"column":90},"end":{"line":85,"column":118}},"line":85}},"branchMap":{"0":{"loc":{"start":{"line":26,"column":22},"end":{"line":26,"column":85}},"type":"cond-expr","locations":[{"start":{"line":26,"column":55},"end":{"line":26,"column":69}},{"start":{"line":26,"column":70},"end":{"line":26,"column":85}}],"line":26},"1":{"loc":{"start":{"line":52,"column":50},"end":{"line":52,"column":88}},"type":"cond-expr","locations":[{"start":{"line":52,"column":74},"end":{"line":52,"column":80}},{"start":{"line":52,"column":81},"end":{"line":52,"column":88}}],"line":52}},"s":{"0":2,"1":24,"2":22,"3":22,"4":1,"5":1},"f":{"0":24,"1":1,"2":1},"b":{"0":[10,12],"1":[18,4]},"_coverageSchema":"1a1c01bbd47fc00a2c39e90264f33305004495a9","hash":"efe5691991df1dcc95ffff0881081dcd4f5a4177"}
,"C:\\Users\\G R SHANKER SAI\\Desktop\\ZEMOSO\\TypeScript+React_UZ\\Blinkist_Project\\my-app\\src\\components\\molecules\\Card2\\Card2.tsx": {"path":"C:\\Users\\G R SHANKER SAI\\Desktop\\ZEMOSO\\TypeScript+React_UZ\\Blinkist_Project\\my-app\\src\\components\\molecules\\Card2\\Card2.tsx","statementMap":{"0":{"start":{"line":25,"column":14},"end":{"line":104,"column":1}},"1":{"start":{"line":26,"column":21},"end":{"line":26,"column":34}},"2":{"start":{"line":27,"column":22},"end":{"line":27,"column":93}},"3":{"start":{"line":28,"column":4},"end":{"line":103,"column":5}},"4":{"start":{"line":34,"column":52},"end":{"line":34,"column":73}},"5":{"start":{"line":86,"column":168},"end":{"line":86,"column":194}}},"fnMap":{"0":{"name":"(anonymous_0)","decl":{"start":{"line":25,"column":14},"end":{"line":25,"column":15}},"loc":{"start":{"line":25,"column":29},"end":{"line":104,"column":1}},"line":25},"1":{"name":"(anonymous_1)","decl":{"start":{"line":34,"column":47},"end":{"line":34,"column":48}},"loc":{"start":{"line":34,"column":51},"end":{"line":34,"column":74}},"line":34},"2":{"name":"(anonymous_2)","decl":{"start":{"line":86,"column":163},"end":{"line":86,"column":164}},"loc":{"start":{"line":86,"column":167},"end":{"line":86,"column":195}},"line":86}},"branchMap":{"0":{"loc":{"start":{"line":27,"column":22},"end":{"line":27,"column":93}},"type":"cond-expr","locations":[{"start":{"line":27,"column":63},"end":{"line":27,"column":77}},{"start":{"line":27,"column":78},"end":{"line":27,"column":93}}],"line":27},"1":{"loc":{"start":{"line":29,"column":45},"end":{"line":29,"column":126}},"type":"cond-expr","locations":[{"start":{"line":29,"column":86},"end":{"line":29,"column":105}},{"start":{"line":29,"column":106},"end":{"line":29,"column":126}}],"line":29},"2":{"loc":{"start":{"line":53,"column":50},"end":{"line":53,"column":88}},"type":"cond-expr","locations":[{"start":{"line":53,"column":74},"end":{"line":53,"column":80}},{"start":{"line":53,"column":81},"end":{"line":53,"column":88}}],"line":53},"3":{"loc":{"start":{"line":86,"column":92},"end":{"line":86,"column":151}},"type":"cond-expr","locations":[{"start":{"line":86,"column":133},"end":{"line":86,"column":141}},{"start":{"line":86,"column":142},"end":{"line":86,"column":151}}],"line":86},"4":{"loc":{"start":{"line":90,"column":65},"end":{"line":90,"column":124}},"type":"cond-expr","locations":[{"start":{"line":90,"column":106},"end":{"line":90,"column":114}},{"start":{"line":90,"column":115},"end":{"line":90,"column":124}}],"line":90}},"s":{"0":2,"1":64,"2":62,"3":62,"4":1,"5":1},"f":{"0":64,"1":1,"2":1},"b":{"0":[25,37],"1":[25,37],"2":[46,16],"3":[37,25],"4":[25,37]},"_coverageSchema":"1a1c01bbd47fc00a2c39e90264f33305004495a9","hash":"7bbdf2783f5ca56ce7b6ec9975e286aae5e1a6f2"}
,"C:\\Users\\G R SHANKER SAI\\Desktop\\ZEMOSO\\TypeScript+React_UZ\\Blinkist_Project\\my-app\\src\\components\\molecules\\CustomSearch\\CustomSearch.tsx": {"path":"C:\\Users\\G R SHANKER SAI\\Desktop\\ZEMOSO\\TypeScript+React_UZ\\Blinkist_Project\\my-app\\src\\components\\molecules\\CustomSearch\\CustomSearch.tsx","statementMap":{"0":{"start":{"line":8,"column":21},"end":{"line":16,"column":1}},"1":{"start":{"line":9,"column":4},"end":{"line":15,"column":7}}},"fnMap":{"0":{"name":"(anonymous_0)","decl":{"start":{"line":8,"column":21},"end":{"line":8,"column":22}},"loc":{"start":{"line":8,"column":60},"end":{"line":16,"column":1}},"line":8}},"branchMap":{},"s":{"0":2,"1":8},"f":{"0":8},"b":{},"_coverageSchema":"1a1c01bbd47fc00a2c39e90264f33305004495a9","hash":"af28531e997ed9d5bb36dd07fc8932be737342a4"}
,"C:\\Users\\G R SHANKER SAI\\Desktop\\ZEMOSO\\TypeScript+React_UZ\\Blinkist_Project\\my-app\\src\\components\\molecules\\footer\\Footer.stories.tsx": {"path":"C:\\Users\\G R SHANKER SAI\\Desktop\\ZEMOSO\\TypeScript+React_UZ\\Blinkist_Project\\my-app\\src\\components\\molecules\\footer\\Footer.stories.tsx","statementMap":{"0":{"start":{"line":11,"column":49},"end":{"line":11,"column":66}},"1":{"start":{"line":11,"column":57},"end":{"line":11,"column":66}},"2":{"start":{"line":12,"column":22},"end":{"line":12,"column":39}}},"fnMap":{"0":{"name":"(anonymous_0)","decl":{"start":{"line":11,"column":49},"end":{"line":11,"column":50}},"loc":{"start":{"line":11,"column":57},"end":{"line":11,"column":66}},"line":11}},"branchMap":{},"s":{"0":0,"1":0,"2":0},"f":{"0":0},"b":{}}
,"C:\\Users\\G R SHANKER SAI\\Desktop\\ZEMOSO\\TypeScript+React_UZ\\Blinkist_Project\\my-app\\src\\components\\molecules\\footer\\Footer.tsx": {"path":"C:\\Users\\G R SHANKER SAI\\Desktop\\ZEMOSO\\TypeScript+React_UZ\\Blinkist_Project\\my-app\\src\\components\\molecules\\footer\\Footer.tsx","statementMap":{"0":{"start":{"line":4,"column":15},"end":{"line":47,"column":1}},"1":{"start":{"line":5,"column":2},"end":{"line":46,"column":4}}},"fnMap":{"0":{"name":"(anonymous_0)","decl":{"start":{"line":4,"column":15},"end":{"line":4,"column":16}},"loc":{"start":{"line":4,"column":21},"end":{"line":47,"column":1}},"line":4}},"branchMap":{},"s":{"0":4,"1":22},"f":{"0":22},"b":{},"_coverageSchema":"1a1c01bbd47fc00a2c39e90264f33305004495a9","hash":"978c167330228278330dfbde04ae74dad3bbf2ff"}
,"C:\\Users\\G R SHANKER SAI\\Desktop\\ZEMOSO\\TypeScript+React_UZ\\Blinkist_Project\\my-app\\src\\components\\organisms\\Header.stories.tsx": {"path":"C:\\Users\\G R SHANKER SAI\\Desktop\\ZEMOSO\\TypeScript+React_UZ\\Blinkist_Project\\my-app\\src\\components\\organisms\\Header.stories.tsx","statementMap":{"0":{"start":{"line":12,"column":49},"end":{"line":17,"column":12}},"1":{"start":{"line":13,"column":4},"end":{"line":17,"column":11}},"2":{"start":{"line":18,"column":22},"end":{"line":18,"column":39}}},"fnMap":{"0":{"name":"(anonymous_0)","decl":{"start":{"line":12,"column":49},"end":{"line":12,"column":50}},"loc":{"start":{"line":13,"column":4},"end":{"line":17,"column":11}},"line":13}},"branchMap":{},"s":{"0":0,"1":0,"2":0},"f":{"0":0},"b":{}}
,"C:\\Users\\G R SHANKER SAI\\Desktop\\ZEMOSO\\TypeScript+React_UZ\\Blinkist_Project\\my-app\\src\\components\\organisms\\Header.tsx": {"path":"C:\\Users\\G R SHANKER SAI\\Desktop\\ZEMOSO\\TypeScript+React_UZ\\Blinkist_Project\\my-app\\src\\components\\organisms\\Header.tsx","statementMap":{"0":{"start":{"line":19,"column":15},"end":{"line":73,"column":1}},"1":{"start":{"line":32,"column":2},"end":{"line":72,"column":4}}},"fnMap":{"0":{"name":"(anonymous_0)","decl":{"start":{"line":19,"column":15},"end":{"line":19,"column":16}},"loc":{"start":{"line":19,"column":21},"end":{"line":73,"column":1}},"line":19}},"branchMap":{},"s":{"0":4,"1":19},"f":{"0":19},"b":{},"_coverageSchema":"1a1c01bbd47fc00a2c39e90264f33305004495a9","hash":"426e031ae3a27f3614b593a8ba99eb1b829da3d6"}
,"C:\\Users\\G R SHANKER SAI\\Desktop\\ZEMOSO\\TypeScript+React_UZ\\Blinkist_Project\\my-app\\src\\components\\organisms\\Explore\\Explore.stories.tsx": {"path":"C:\\Users\\G R SHANKER SAI\\Desktop\\ZEMOSO\\TypeScript+React_UZ\\Blinkist_Project\\my-app\\src\\components\\organisms\\Explore\\Explore.stories.tsx","statementMap":{"0":{"start":{"line":12,"column":50},"end":{"line":17,"column":12}},"1":{"start":{"line":13,"column":4},"end":{"line":17,"column":11}},"2":{"start":{"line":18,"column":23},"end":{"line":18,"column":40}}},"fnMap":{"0":{"name":"(anonymous_0)","decl":{"start":{"line":12,"column":50},"end":{"line":12,"column":51}},"loc":{"start":{"line":13,"column":4},"end":{"line":17,"column":11}},"line":13}},"branchMap":{},"s":{"0":0,"1":0,"2":0},"f":{"0":0},"b":{}}
,"C:\\Users\\G R SHANKER SAI\\Desktop\\ZEMOSO\\TypeScript+React_UZ\\Blinkist_Project\\my-app\\src\\components\\organisms\\Explore\\Explore.tsx": {"path":"C:\\Users\\G R SHANKER SAI\\Desktop\\ZEMOSO\\TypeScript+React_UZ\\Blinkist_Project\\my-app\\src\\components\\organisms\\Explore\\Explore.tsx","statementMap":{"0":{"start":{"line":29,"column":13},"end":{"line":101,"column":1}},"1":{"start":{"line":30,"column":21},"end":{"line":30,"column":34}},"2":{"start":{"line":31,"column":4},"end":{"line":100,"column":5}},"3":{"start":{"line":49,"column":79},"end":{"line":49,"column":108}},"4":{"start":{"line":104,"column":16},"end":{"line":155,"column":1}},"5":{"start":{"line":106,"column":17},"end":{"line":114,"column":5}},"6":{"start":{"line":108,"column":8},"end":{"line":112,"column":9}},"7":{"start":{"line":109,"column":12},"end":{"line":109,"column":53}},"8":{"start":{"line":111,"column":12},"end":{"line":111,"column":53}},"9":{"start":{"line":116,"column":45},"end":{"line":116,"column":59}},"10":{"start":{"line":117,"column":29},"end":{"line":117,"column":44}},"11":{"start":{"line":118,"column":4},"end":{"line":153,"column":5}},"12":{"start":{"line":122,"column":12},"end":{"line":124,"column":14}},"13":{"start":{"line":123,"column":16},"end":{"line":123,"column":29}},"14":{"start":{"line":129,"column":12},"end":{"line":129,"column":27}},"15":{"start":{"line":133,"column":12},"end":{"line":133,"column":28}}},"fnMap":{"0":{"name":"(anonymous_0)","decl":{"start":{"line":29,"column":13},"end":{"line":29,"column":14}},"loc":{"start":{"line":29,"column":17},"end":{"line":101,"column":1}},"line":29},"1":{"name":"(anonymous_1)","decl":{"start":{"line":49,"column":74},"end":{"line":49,"column":75}},"loc":{"start":{"line":49,"column":78},"end":{"line":49,"column":109}},"line":49},"2":{"name":"(anonymous_2)","decl":{"start":{"line":104,"column":16},"end":{"line":104,"column":17}},"loc":{"start":{"line":104,"column":20},"end":{"line":155,"column":1}},"line":104},"3":{"name":"(anonymous_3)","decl":{"start":{"line":106,"column":17},"end":{"line":106,"column":18}},"loc":{"start":{"line":106,"column":21},"end":{"line":114,"column":5}},"line":106},"4":{"name":"(anonymous_4)","decl":{"start":{"line":121,"column":51},"end":{"line":121,"column":52}},"loc":{"start":{"line":121,"column":56},"end":{"line":125,"column":9}},"line":121},"5":{"name":"(anonymous_5)","decl":{"start":{"line":122,"column":29},"end":{"line":122,"column":30}},"loc":{"start":{"line":122,"column":37},"end":{"line":124,"column":13}},"line":122},"6":{"name":"(anonymous_6)","decl":{"start":{"line":128,"column":21},"end":{"line":128,"column":22}},"loc":{"start":{"line":128,"column":25},"end":{"line":130,"column":9}},"line":128},"7":{"name":"(anonymous_7)","decl":{"start":{"line":132,"column":20},"end":{"line":132,"column":21}},"loc":{"start":{"line":132,"column":24},"end":{"line":134,"column":9}},"line":132}},"branchMap":{"0":{"loc":{"start":{"line":108,"column":8},"end":{"line":112,"column":9}},"type":"if","locations":[{"start":{"line":108,"column":8},"end":{"line":112,"column":9}},{"start":{"line":110,"column":13},"end":{"line":112,"column":9}}],"line":108},"1":{"loc":{"start":{"line":140,"column":13},"end":{"line":140,"column":126}},"type":"cond-expr","locations":[{"start":{"line":140,"column":27},"end":{"line":140,"column":77}},{"start":{"line":140,"column":78},"end":{"line":140,"column":126}}],"line":140},"2":{"loc":{"start":{"line":144,"column":9},"end":{"line":144,"column":40}},"type":"cond-expr","locations":[{"start":{"line":144,"column":25},"end":{"line":144,"column":33}},{"start":{"line":144,"column":36},"end":{"line":144,"column":40}}],"line":144}},"s":{"0":5,"1":4,"2":4,"3":1,"4":5,"5":29,"6":29,"7":1,"8":28,"9":29,"10":29,"11":29,"12":5,"13":5,"14":1,"15":1},"f":{"0":4,"1":1,"2":29,"3":29,"4":5,"5":5,"6":1,"7":1},"b":{"0":[1,28],"1":[26,3],"2":[3,26]},"_coverageSchema":"1a1c01bbd47fc00a2c39e90264f33305004495a9","hash":"b2f536f716f86e143b8539a641cd3055b088a007"}
,"C:\\Users\\G R SHANKER SAI\\Desktop\\ZEMOSO\\TypeScript+React_UZ\\Blinkist_Project\\my-app\\src\\components\\organisms\\Tabs\\Tabs.stories.tsx": {"path":"C:\\Users\\G R SHANKER SAI\\Desktop\\ZEMOSO\\TypeScript+React_UZ\\Blinkist_Project\\my-app\\src\\components\\organisms\\Tabs\\Tabs.stories.tsx","statementMap":{"0":{"start":{"line":11,"column":47},"end":{"line":11,"column":62}},"1":{"start":{"line":11,"column":55},"end":{"line":11,"column":62}},"2":{"start":{"line":12,"column":22},"end":{"line":12,"column":39}}},"fnMap":{"0":{"name":"(anonymous_0)","decl":{"start":{"line":11,"column":47},"end":{"line":11,"column":48}},"loc":{"start":{"line":11,"column":55},"end":{"line":11,"column":62}},"line":11}},"branchMap":{},"s":{"0":0,"1":0,"2":0},"f":{"0":0},"b":{}}
,"C:\\Users\\G R SHANKER SAI\\Desktop\\ZEMOSO\\TypeScript+React_UZ\\Blinkist_Project\\my-app\\src\\components\\organisms\\Tabs\\Tabs.tsx": {"path":"C:\\Users\\G R SHANKER SAI\\Desktop\\ZEMOSO\\TypeScript+React_UZ\\Blinkist_Project\\my-app\\src\\components\\organisms\\Tabs\\Tabs.tsx","statementMap":{"0":{"start":{"line":7,"column":20},"end":{"line":16,"column":4}},"1":{"start":{"line":19,"column":28},"end":{"line":19,"column":49}},"2":{"start":{"line":21,"column":24},"end":{"line":24,"column":4}},"3":{"start":{"line":22,"column":5},"end":{"line":22,"column":24}},"4":{"start":{"line":26,"column":2},"end":{"line":48,"column":4}},"5":{"start":{"line":42,"column":96},"end":{"line":42,"column":134}},"6":{"start":{"line":43,"column":86},"end":{"line":43,"column":116}}},"fnMap":{"0":{"name":"ColorTabs","decl":{"start":{"line":18,"column":24},"end":{"line":18,"column":33}},"loc":{"start":{"line":18,"column":45},"end":{"line":49,"column":1}},"line":18},"1":{"name":"(anonymous_1)","decl":{"start":{"line":21,"column":24},"end":{"line":21,"column":25}},"loc":{"start":{"line":21,"column":75},"end":{"line":24,"column":4}},"line":21},"2":{"name":"(anonymous_2)","decl":{"start":{"line":42,"column":91},"end":{"line":42,"column":92}},"loc":{"start":{"line":42,"column":95},"end":{"line":42,"column":135}},"line":42},"3":{"name":"(anonymous_3)","decl":{"start":{"line":43,"column":81},"end":{"line":43,"column":82}},"loc":{"start":{"line":43,"column":85},"end":{"line":43,"column":117}},"line":43}},"branchMap":{},"s":{"0":2,"1":7,"2":7,"3":1,"4":7,"5":1,"6":1},"f":{"0":7,"1":1,"2":1,"3":1},"b":{},"_coverageSchema":"1a1c01bbd47fc00a2c39e90264f33305004495a9","hash":"8b4e9b8be4ddda4f83a4b53ffabfcc20ffee1721"}
,"C:\\Users\\G R SHANKER SAI\\Desktop\\ZEMOSO\\TypeScript+React_UZ\\Blinkist_Project\\my-app\\src\\pages\\MyLibrary.stories.tsx": {"path":"C:\\Users\\G R SHANKER SAI\\Desktop\\ZEMOSO\\TypeScript+React_UZ\\Blinkist_Project\\my-app\\src\\pages\\MyLibrary.stories.tsx","statementMap":{"0":{"start":{"line":12,"column":52},"end":{"line":17,"column":12}},"1":{"start":{"line":13,"column":4},"end":{"line":17,"column":11}},"2":{"start":{"line":18,"column":25},"end":{"line":18,"column":42}}},"fnMap":{"0":{"name":"(anonymous_0)","decl":{"start":{"line":12,"column":52},"end":{"line":12,"column":53}},"loc":{"start":{"line":13,"column":4},"end":{"line":17,"column":11}},"line":13}},"branchMap":{},"s":{"0":0,"1":0,"2":0},"f":{"0":0},"b":{}}
,"C:\\Users\\G R SHANKER SAI\\Desktop\\ZEMOSO\\TypeScript+React_UZ\\Blinkist_Project\\my-app\\src\\pages\\MyLibrary.tsx": {"path":"C:\\Users\\G R SHANKER SAI\\Desktop\\ZEMOSO\\TypeScript+React_UZ\\Blinkist_Project\\my-app\\src\\pages\\MyLibrary.tsx","statementMap":{"0":{"start":{"line":15,"column":18},"end":{"line":165,"column":1}},"1":{"start":{"line":16,"column":25},"end":{"line":16,"column":53}},"2":{"start":{"line":18,"column":25},"end":{"line":18,"column":41}},"3":{"start":{"line":20,"column":29},"end":{"line":20,"column":43}},"4":{"start":{"line":24,"column":24},"end":{"line":27,"column":3}},"5":{"start":{"line":25,"column":21},"end":{"line":25,"column":44}},"6":{"start":{"line":26,"column":4},"end":{"line":26,"column":25}},"7":{"start":{"line":29,"column":2},"end":{"line":38,"column":5}},"8":{"start":{"line":31,"column":24},"end":{"line":35,"column":5}},"9":{"start":{"line":32,"column":23},"end":{"line":32,"column":44}},"10":{"start":{"line":33,"column":6},"end":{"line":34,"column":24}},"11":{"start":{"line":34,"column":6},"end":{"line":34,"column":24}},"12":{"start":{"line":37,"column":4},"end":{"line":37,"column":18}},"13":{"start":{"line":44,"column":4},"end":{"line":44,"column":16}},"14":{"start":{"line":47,"column":20},"end":{"line":79,"column":3}},"15":{"start":{"line":48,"column":4},"end":{"line":48,"column":20}},"16":{"start":{"line":50,"column":4},"end":{"line":75,"column":5}},"17":{"start":{"line":52,"column":6},"end":{"line":61,"column":8}},"18":{"start":{"line":53,"column":20},"end":{"line":53,"column":24}},"19":{"start":{"line":54,"column":8},"end":{"line":58,"column":9}},"20":{"start":{"line":54,"column":18},"end":{"line":54,"column":19}},"21":{"start":{"line":55,"column":10},"end":{"line":57,"column":11}},"22":{"start":{"line":56,"column":12},"end":{"line":56,"column":43}},"23":{"start":{"line":59,"column":8},"end":{"line":59,"column":21}},"24":{"start":{"line":63,"column":10},"end":{"line":75,"column":5}},"25":{"start":{"line":64,"column":6},"end":{"line":73,"column":8}},"26":{"start":{"line":65,"column":20},"end":{"line":65,"column":24}},"27":{"start":{"line":66,"column":8},"end":{"line":70,"column":9}},"28":{"start":{"line":66,"column":18},"end":{"line":66,"column":19}},"29":{"start":{"line":67,"column":10},"end":{"line":69,"column":11}},"30":{"start":{"line":68,"column":12},"end":{"line":68,"column":51}},"31":{"start":{"line":71,"column":8},"end":{"line":71,"column":21}},"32":{"start":{"line":76,"column":4},"end":{"line":78,"column":7}},"33":{"start":{"line":77,"column":6},"end":{"line":77,"column":19}},"34":{"start":{"line":81,"column":21},"end":{"line":110,"column":3}},"35":{"start":{"line":82,"column":4},"end":{"line":109,"column":6}},"36":{"start":{"line":86,"column":10},"end":{"line":86,"column":41}},"37":{"start":{"line":89,"column":10},"end":{"line":105,"column":12}},"38":{"start":{"line":112,"column":2},"end":{"line":164,"column":4}}},"fnMap":{"0":{"name":"(anonymous_0)","decl":{"start":{"line":15,"column":18},"end":{"line":15,"column":19}},"loc":{"start":{"line":15,"column":24},"end":{"line":165,"column":1}},"line":15},"1":{"name":"(anonymous_1)","decl":{"start":{"line":24,"column":24},"end":{"line":24,"column":25}},"loc":{"start":{"line":24,"column":34},"end":{"line":27,"column":3}},"line":24},"2":{"name":"(anonymous_2)","decl":{"start":{"line":29,"column":12},"end":{"line":29,"column":13}},"loc":{"start":{"line":29,"column":16},"end":{"line":38,"column":1}},"line":29},"3":{"name":"(anonymous_3)","decl":{"start":{"line":31,"column":24},"end":{"line":31,"column":25}},"loc":{"start":{"line":31,"column":33},"end":{"line":35,"column":5}},"line":31},"4":{"name":"formatTab","decl":{"start":{"line":43,"column":11},"end":{"line":43,"column":20}},"loc":{"start":{"line":43,"column":34},"end":{"line":45,"column":3}},"line":43},"5":{"name":"(anonymous_5)","decl":{"start":{"line":47,"column":20},"end":{"line":47,"column":21}},"loc":{"start":{"line":47,"column":33},"end":{"line":79,"column":3}},"line":47},"6":{"name":"(anonymous_6)","decl":{"start":{"line":52,"column":14},"end":{"line":52,"column":15}},"loc":{"start":{"line":52,"column":22},"end":{"line":61,"column":7}},"line":52},"7":{"name":"(anonymous_7)","decl":{"start":{"line":64,"column":14},"end":{"line":64,"column":15}},"loc":{"start":{"line":64,"column":22},"end":{"line":73,"column":7}},"line":64},"8":{"name":"(anonymous_8)","decl":{"start":{"line":76,"column":14},"end":{"line":76,"column":15}},"loc":{"start":{"line":76,"column":22},"end":{"line":78,"column":5}},"line":76},"9":{"name":"(anonymous_9)","decl":{"start":{"line":81,"column":21},"end":{"line":81,"column":22}},"loc":{"start":{"line":81,"column":25},"end":{"line":110,"column":3}},"line":81},"10":{"name":"(anonymous_10)","decl":{"start":{"line":85,"column":16},"end":{"line":85,"column":17}},"loc":{"start":{"line":85,"column":26},"end":{"line":87,"column":9}},"line":85},"11":{"name":"(anonymous_11)","decl":{"start":{"line":88,"column":13},"end":{"line":88,"column":14}},"loc":{"start":{"line":88,"column":23},"end":{"line":106,"column":9}},"line":88}},"branchMap":{"0":{"loc":{"start":{"line":33,"column":6},"end":{"line":34,"column":24}},"type":"if","locations":[{"start":{"line":33,"column":6},"end":{"line":34,"column":24}},{"start":{},"end":{}}],"line":33},"1":{"loc":{"start":{"line":50,"column":4},"end":{"line":75,"column":5}},"type":"if","locations":[{"start":{"line":50,"column":4},"end":{"line":75,"column":5}},{"start":{"line":63,"column":10},"end":{"line":75,"column":5}}],"line":50},"2":{"loc":{"start":{"line":55,"column":10},"end":{"line":57,"column":11}},"type":"if","locations":[{"start":{"line":55,"column":10},"end":{"line":57,"column":11}},{"start":{},"end":{}}],"line":55},"3":{"loc":{"start":{"line":63,"column":10},"end":{"line":75,"column":5}},"type":"if","locations":[{"start":{"line":63,"column":10},"end":{"line":75,"column":5}},{"start":{},"end":{}}],"line":63},"4":{"loc":{"start":{"line":67,"column":10},"end":{"line":69,"column":11}},"type":"if","locations":[{"start":{"line":67,"column":10},"end":{"line":69,"column":11}},{"start":{},"end":{}}],"line":67},"5":{"loc":{"start":{"line":98,"column":18},"end":{"line":98,"column":64}},"type":"cond-expr","locations":[{"start":{"line":98,"column":39},"end":{"line":98,"column":51}},{"start":{"line":98,"column":54},"end":{"line":98,"column":64}}],"line":98},"6":{"loc":{"start":{"line":136,"column":11},"end":{"line":136,"column":45}},"type":"cond-expr","locations":[{"start":{"line":136,"column":18},"end":{"line":136,"column":31}},{"start":{"line":136,"column":32},"end":{"line":136,"column":45}}],"line":136}},"s":{"0":1,"1":3,"2":2,"3":2,"4":2,"5":2,"6":0,"7":2,"8":2,"9":2,"10":0,"11":0,"12":2,"13":0,"14":2,"15":0,"16":0,"17":0,"18":0,"19":0,"20":0,"21":0,"22":0,"23":0,"24":0,"25":0,"26":0,"27":0,"28":0,"29":0,"30":0,"31":0,"32":0,"33":0,"34":2,"35":2,"36":20,"37":12,"38":2},"f":{"0":3,"1":2,"2":2,"3":2,"4":0,"5":0,"6":0,"7":0,"8":0,"9":2,"10":20,"11":12},"b":{"0":[0,0],"1":[0,0],"2":[0,0],"3":[0,0],"4":[0,0],"5":[0,12],"6":[2,0]},"_coverageSchema":"1a1c01bbd47fc00a2c39e90264f33305004495a9","hash":"30795f7a2783b5fd9f0f0e49b8e5da9d9a5db517"}
,"C:\\Users\\G R SHANKER SAI\\Desktop\\ZEMOSO\\TypeScript+React_UZ\\Blinkist_Project\\my-app\\src\\pages\\BookDetailView\\BookDetailView.tsx": {"path":"C:\\Users\\G R SHANKER SAI\\Desktop\\ZEMOSO\\TypeScript+React_UZ\\Blinkist_Project\\my-app\\src\\pages\\BookDetailView\\BookDetailView.tsx","statementMap":{"0":{"start":{"line":14,"column":20},"end":{"line":23,"column":4}},"1":{"start":{"line":25,"column":18},"end":{"line":51,"column":2}},"2":{"start":{"line":55,"column":23},"end":{"line":218,"column":1}},"3":{"start":{"line":56,"column":19},"end":{"line":56,"column":32}},"4":{"start":{"line":57,"column":17},"end":{"line":57,"column":28}},"5":{"start":{"line":58,"column":14},"end":{"line":58,"column":24}},"6":{"start":{"line":62,"column":2},"end":{"line":217,"column":4}},"7":{"start":{"line":117,"column":31},"end":{"line":117,"column":67}},"8":{"start":{"line":117,"column":68},"end":{"line":117,"column":82}}},"fnMap":{"0":{"name":"(anonymous_0)","decl":{"start":{"line":55,"column":23},"end":{"line":55,"column":24}},"loc":{"start":{"line":55,"column":29},"end":{"line":218,"column":1}},"line":55},"1":{"name":"(anonymous_1)","decl":{"start":{"line":117,"column":23},"end":{"line":117,"column":24}},"loc":{"start":{"line":117,"column":29},"end":{"line":117,"column":84}},"line":117}},"branchMap":{},"s":{"0":1,"1":1,"2":1,"3":7,"4":6,"5":6,"6":6,"7":1,"8":1},"f":{"0":7,"1":1},"b":{},"_coverageSchema":"1a1c01bbd47fc00a2c39e90264f33305004495a9","hash":"385dd051214862d1673156015a1e16a8f6983d0e"}
,"C:\\Users\\G R SHANKER SAI\\Desktop\\ZEMOSO\\TypeScript+React_UZ\\Blinkist_Project\\my-app\\src\\pages\\BookDetailView\\BookDetailedView.stories.tsx": {"path":"C:\\Users\\G R SHANKER SAI\\Desktop\\ZEMOSO\\TypeScript+React_UZ\\Blinkist_Project\\my-app\\src\\pages\\BookDetailView\\BookDetailedView.stories.tsx","statementMap":{"0":{"start":{"line":12,"column":59},"end":{"line":17,"column":12}},"1":{"start":{"line":13,"column":4},"end":{"line":17,"column":11}},"2":{"start":{"line":18,"column":21},"end":{"line":18,"column":38}}},"fnMap":{"0":{"name":"(anonymous_0)","decl":{"start":{"line":12,"column":59},"end":{"line":12,"column":60}},"loc":{"start":{"line":13,"column":4},"end":{"line":17,"column":11}},"line":13}},"branchMap":{},"s":{"0":0,"1":0,"2":0},"f":{"0":0},"b":{}}
,"C:\\Users\\G R SHANKER SAI\\Desktop\\ZEMOSO\\TypeScript+React_UZ\\Blinkist_Project\\my-app\\src\\pages\\Entrepreneurship\\Entrepreneurship.stories.tsx": {"path":"C:\\Users\\G R SHANKER SAI\\Desktop\\ZEMOSO\\TypeScript+React_UZ\\Blinkist_Project\\my-app\\src\\pages\\Entrepreneurship\\Entrepreneurship.stories.tsx","statementMap":{"0":{"start":{"line":12,"column":59},"end":{"line":17,"column":12}},"1":{"start":{"line":13,"column":4},"end":{"line":17,"column":11}},"2":{"start":{"line":18,"column":32},"end":{"line":18,"column":49}}},"fnMap":{"0":{"name":"(anonymous_0)","decl":{"start":{"line":12,"column":59},"end":{"line":12,"column":60}},"loc":{"start":{"line":13,"column":4},"end":{"line":17,"column":11}},"line":13}},"branchMap":{},"s":{"0":0,"1":0,"2":0},"f":{"0":0},"b":{}}
,"C:\\Users\\G R SHANKER SAI\\Desktop\\ZEMOSO\\TypeScript+React_UZ\\Blinkist_Project\\my-app\\src\\pages\\Entrepreneurship\\Entrepreneurship.tsx": {"path":"C:\\Users\\G R SHANKER SAI\\Desktop\\ZEMOSO\\TypeScript+React_UZ\\Blinkist_Project\\my-app\\src\\pages\\Entrepreneurship\\Entrepreneurship.tsx","statementMap":{"0":{"start":{"line":14,"column":25},"end":{"line":277,"column":1}},"1":{"start":{"line":17,"column":29},"end":{"line":17,"column":41}},"2":{"start":{"line":19,"column":20},"end":{"line":22,"column":3}},"3":{"start":{"line":24,"column":23},"end":{"line":62,"column":3}},"4":{"start":{"line":26,"column":4},"end":{"line":61,"column":5}},"5":{"start":{"line":34,"column":12},"end":{"line":34,"column":143}},"6":{"start":{"line":37,"column":12},"end":{"line":52,"column":14}},"7":{"start":{"line":64,"column":22},"end":{"line":238,"column":3}},"8":{"start":{"line":66,"column":4},"end":{"line":237,"column":6}},"9":{"start":{"line":79,"column":12},"end":{"line":79,"column":44}},"10":{"start":{"line":82,"column":12},"end":{"line":97,"column":14}},"11":{"start":{"line":134,"column":12},"end":{"line":134,"column":45}},"12":{"start":{"line":137,"column":12},"end":{"line":151,"column":14}},"13":{"start":{"line":192,"column":12},"end":{"line":192,"column":30}},"14":{"start":{"line":195,"column":12},"end":{"line":209,"column":14}},"15":{"start":{"line":242,"column":2},"end":{"line":276,"column":4}},"16":{"start":{"line":265,"column":30},"end":{"line":265,"column":56}},"17":{"start":{"line":265,"column":57},"end":{"line":265,"column":76}}},"fnMap":{"0":{"name":"(anonymous_0)","decl":{"start":{"line":14,"column":25},"end":{"line":14,"column":26}},"loc":{"start":{"line":14,"column":31},"end":{"line":277,"column":1}},"line":14},"1":{"name":"(anonymous_1)","decl":{"start":{"line":19,"column":20},"end":{"line":19,"column":21}},"loc":{"start":{"line":19,"column":33},"end":{"line":22,"column":3}},"line":19},"2":{"name":"(anonymous_2)","decl":{"start":{"line":24,"column":23},"end":{"line":24,"column":24}},"loc":{"start":{"line":24,"column":27},"end":{"line":62,"column":3}},"line":24},"3":{"name":"(anonymous_3)","decl":{"start":{"line":33,"column":18},"end":{"line":33,"column":19}},"loc":{"start":{"line":33,"column":28},"end":{"line":35,"column":11}},"line":33},"4":{"name":"(anonymous_4)","decl":{"start":{"line":36,"column":15},"end":{"line":36,"column":16}},"loc":{"start":{"line":36,"column":26},"end":{"line":53,"column":11}},"line":36},"5":{"name":"(anonymous_5)","decl":{"start":{"line":64,"column":22},"end":{"line":64,"column":23}},"loc":{"start":{"line":64,"column":26},"end":{"line":238,"column":3}},"line":64},"6":{"name":"(anonymous_6)","decl":{"start":{"line":78,"column":18},"end":{"line":78,"column":19}},"loc":{"start":{"line":78,"column":28},"end":{"line":80,"column":11}},"line":78},"7":{"name":"(anonymous_7)","decl":{"start":{"line":81,"column":15},"end":{"line":81,"column":16}},"loc":{"start":{"line":81,"column":26},"end":{"line":98,"column":11}},"line":81},"8":{"name":"(anonymous_8)","decl":{"start":{"line":133,"column":18},"end":{"line":133,"column":19}},"loc":{"start":{"line":133,"column":28},"end":{"line":135,"column":11}},"line":133},"9":{"name":"(anonymous_9)","decl":{"start":{"line":136,"column":15},"end":{"line":136,"column":16}},"loc":{"start":{"line":136,"column":26},"end":{"line":152,"column":11}},"line":136},"10":{"name":"(anonymous_10)","decl":{"start":{"line":191,"column":18},"end":{"line":191,"column":19}},"loc":{"start":{"line":191,"column":28},"end":{"line":193,"column":11}},"line":191},"11":{"name":"(anonymous_11)","decl":{"start":{"line":194,"column":15},"end":{"line":194,"column":16}},"loc":{"start":{"line":194,"column":26},"end":{"line":210,"column":11}},"line":194},"12":{"name":"(anonymous_12)","decl":{"start":{"line":265,"column":24},"end":{"line":265,"column":25}},"loc":{"start":{"line":265,"column":29},"end":{"line":265,"column":77}},"line":265}},"branchMap":{"0":{"loc":{"start":{"line":34,"column":19},"end":{"line":34,"column":142}},"type":"binary-expr","locations":[{"start":{"line":34,"column":20},"end":{"line":34,"column":77}},{"start":{"line":34,"column":81},"end":{"line":34,"column":141}}],"line":34},"1":{"loc":{"start":{"line":270,"column":11},"end":{"line":270,"column":51}},"type":"cond-expr","locations":[{"start":{"line":270,"column":23},"end":{"line":270,"column":36}},{"start":{"line":270,"column":37},"end":{"line":270,"column":51}}],"line":270}},"s":{"0":1,"1":6,"2":5,"3":5,"4":1,"5":10,"6":1,"7":5,"8":4,"9":40,"10":28,"11":40,"12":12,"13":40,"14":12,"15":5,"16":2,"17":2},"f":{"0":6,"1":0,"2":1,"3":10,"4":1,"5":4,"6":40,"7":28,"8":40,"9":12,"10":40,"11":12,"12":2},"b":{"0":[10,9],"1":[4,1]},"_coverageSchema":"1a1c01bbd47fc00a2c39e90264f33305004495a9","hash":"65b407122b84cb159c9d6001d2701c921847e25a"}
}
