TN:
SF:src\App.tsx
FN:15,App
FNF:1
FNH:0
FNDA:0,App
DA:16,0
DA:18,0
DA:19,0
DA:26,0
LF:4
LH:0
BRDA:18,0,0,0
BRDA:18,0,1,0
BRF:2
BRH:0
end_of_record
TN:
SF:src\index.tsx
FNF:0
FNH:0
DA:8,0
DA:9,0
DA:11,0
DA:22,0
LF:4
LH:0
BRF:0
BRH:0
end_of_record
TN:
SF:src\reportWebVitals.ts
FN:3,(anonymous_0)
FN:5,(anonymous_1)
FNF:2
FNH:0
FNDA:0,(anonymous_0)
FNDA:0,(anonymous_1)
DA:3,0
DA:4,0
DA:5,0
DA:6,0
DA:7,0
DA:8,0
DA:9,0
DA:10,0
LF:8
LH:0
BRDA:4,0,0,0
BRDA:4,0,1,0
BRDA:4,1,0,0
BRDA:4,1,1,0
BRF:4
BRH:0
end_of_record
TN:
SF:src\webpack.config.js
FNF:0
FNH:0
DA:1,0
LF:1
LH:0
BRF:0
BRH:0
end_of_record
TN:
SF:src\api\books.tsx
FNF:0
FNH:0
LF:0
LH:0
BRF:0
BRH:0
end_of_record
TN:
SF:src\components\atoms\Avator\Avator.stories.tsx
FN:11,(anonymous_0)
FNF:1
FNH:0
FNDA:0,(anonymous_0)
DA:11,0
DA:13,0
LF:2
LH:0
BRF:0
BRH:0
end_of_record
TN:
SF:src\components\atoms\Avator\Avator.tsx
FN:4,CustomAvatar
FNF:1
FNH:1
FNDA:1,CustomAvatar
DA:5,1
LF:1
LH:1
BRF:0
BRH:0
end_of_record
TN:
SF:src\components\atoms\Button\Button.tsx
FN:2,CustomButton
FNF:1
FNH:1
FNDA:21,CustomButton
DA:3,21
LF:1
LH:1
BRF:0
BRH:0
end_of_record
TN:
SF:src\components\atoms\Heading\Heading.stories.tsx
FN:11,(anonymous_0)
FN:18,(anonymous_1)
FN:25,(anonymous_2)
FNF:3
FNH:0
FNDA:0,(anonymous_0)
FNDA:0,(anonymous_1)
FNDA:0,(anonymous_2)
DA:11,0
DA:13,0
DA:14,0
DA:18,0
DA:20,0
DA:21,0
DA:25,0
DA:27,0
DA:28,0
LF:9
LH:0
BRF:0
BRH:0
end_of_record
TN:
SF:src\components\atoms\Heading\Heading.tsx
FN:8,(anonymous_0)
FN:14,(anonymous_1)
FN:18,(anonymous_2)
FNF:3
FNH:3
FNDA:1,(anonymous_0)
FNDA:1,(anonymous_1)
FNDA:1,(anonymous_2)
DA:8,1
DA:10,1
DA:14,1
DA:15,1
DA:18,1
DA:19,1
LF:6
LH:6
BRF:0
BRH:0
end_of_record
TN:
SF:src\components\atoms\Icon\Icon.stories.tsx
FN:10,(anonymous_0)
FNF:1
FNH:0
FNDA:0,(anonymous_0)
DA:10,0
DA:11,0
DA:12,0
LF:3
LH:0
BRF:0
BRH:0
end_of_record
TN:
SF:src\components\atoms\Icon\icon.tsx
FN:11,(anonymous_0)
FNF:1
FNH:1
FNDA:1,(anonymous_0)
DA:11,1
DA:13,1
LF:2
LH:2
BRF:0
BRH:0
end_of_record
TN:
SF:src\components\atoms\Image\Image.stories.tsx
FN:12,(anonymous_0)
FNF:1
FNH:0
FNDA:0,(anonymous_0)
DA:12,0
DA:14,0
LF:2
LH:0
BRF:0
BRH:0
end_of_record
TN:
SF:src\components\atoms\Image\Images.tsx
FN:4,(anonymous_0)
FNF:1
FNH:1
FNDA:1,(anonymous_0)
DA:4,1
DA:5,1
LF:2
LH:2
BRF:0
BRH:0
end_of_record
TN:
SF:src\components\atoms\Logo\Logo.tsx
FN:7,Logo
FNF:1
FNH:1
FNDA:1,Logo
DA:8,1
LF:1
LH:1
BRF:0
BRH:0
end_of_record
TN:
SF:src\components\atoms\MenuItem\MenuItem.stories.tsx
FN:11,(anonymous_0)
FNF:1
FNH:0
FNDA:0,(anonymous_0)
DA:11,0
DA:12,0
DA:13,0
LF:3
LH:0
BRF:0
BRH:0
end_of_record
TN:
SF:src\components\atoms\MenuItem\MenuItem.tsx
FN:10,(anonymous_0)
FNF:1
FNH:1
FNDA:75,(anonymous_0)
DA:10,6
DA:12,75
LF:2
LH:2
BRF:0
BRH:0
end_of_record
TN:
SF:src\components\atoms\Typography\Typography.tsx
FN:8,Typographys
FNF:1
FNH:1
FNDA:568,Typographys
DA:9,568
LF:1
LH:1
BRF:0
BRH:0
end_of_record
TN:
SF:src\components\molecules\Banner\Banner.stories.tsx
FN:11,(anonymous_0)
FNF:1
FNH:0
FNDA:0,(anonymous_0)
DA:11,0
DA:12,0
LF:2
LH:0
BRF:0
BRH:0
end_of_record
TN:
SF:src\components\molecules\Banner\Banner.tsx
FN:49,(anonymous_0)
FNF:1
FNH:1
FNDA:8,(anonymous_0)
DA:49,2
DA:51,8
LF:2
LH:2
BRF:0
BRH:0
end_of_record
TN:
SF:src\components\molecules\Card\Card.stories.tsx
FN:13,(anonymous_0)
FNF:1
FNH:0
FNDA:0,(anonymous_0)
DA:13,0
DA:16,0
DA:17,0
LF:3
LH:0
BRF:0
BRH:0
end_of_record
TN:
SF:src\components\molecules\Card\Card.tsx
FN:24,(anonymous_0)
FN:33,(anonymous_1)
FN:85,(anonymous_2)
FNF:3
FNH:3
FNDA:24,(anonymous_0)
FNDA:1,(anonymous_1)
FNDA:1,(anonymous_2)
DA:24,2
DA:25,24
DA:26,22
DA:27,22
DA:33,1
DA:85,1
LF:6
LH:6
BRDA:26,0,0,10
BRDA:26,0,1,12
BRDA:52,1,0,18
BRDA:52,1,1,4
BRF:4
BRH:4
end_of_record
TN:
SF:src\components\molecules\Card2\Card2.tsx
FN:25,(anonymous_0)
FN:34,(anonymous_1)
FN:86,(anonymous_2)
FNF:3
FNH:3
FNDA:64,(anonymous_0)
FNDA:1,(anonymous_1)
FNDA:1,(anonymous_2)
DA:25,2
DA:26,64
DA:27,62
DA:28,62
DA:34,1
DA:86,1
LF:6
LH:6
BRDA:27,0,0,25
BRDA:27,0,1,37
BRDA:29,1,0,25
BRDA:29,1,1,37
BRDA:53,2,0,46
BRDA:53,2,1,16
BRDA:86,3,0,37
BRDA:86,3,1,25
BRDA:90,4,0,25
BRDA:90,4,1,37
BRF:10
BRH:10
end_of_record
TN:
SF:src\components\molecules\CustomSearch\CustomSearch.tsx
FN:8,(anonymous_0)
FNF:1
FNH:1
FNDA:8,(anonymous_0)
DA:8,2
DA:9,8
LF:2
LH:2
BRF:0
BRH:0
end_of_record
TN:
SF:src\components\molecules\footer\Footer.stories.tsx
FN:11,(anonymous_0)
FNF:1
FNH:0
FNDA:0,(anonymous_0)
DA:11,0
DA:12,0
LF:2
LH:0
BRF:0
BRH:0
end_of_record
TN:
SF:src\components\molecules\footer\Footer.tsx
FN:4,(anonymous_0)
FNF:1
FNH:1
FNDA:22,(anonymous_0)
DA:4,4
DA:5,22
LF:2
LH:2
BRF:0
BRH:0
end_of_record
TN:
SF:src\components\organisms\Header.stories.tsx
FN:12,(anonymous_0)
FNF:1
FNH:0
FNDA:0,(anonymous_0)
DA:12,0
DA:13,0
DA:18,0
LF:3
LH:0
BRF:0
BRH:0
end_of_record
TN:
SF:src\components\organisms\Header.tsx
FN:19,(anonymous_0)
FNF:1
FNH:1
FNDA:19,(anonymous_0)
DA:19,4
DA:32,19
LF:2
LH:2
BRF:0
BRH:0
end_of_record
TN:
SF:src\components\organisms\Explore\Explore.stories.tsx
FN:12,(anonymous_0)
FNF:1
FNH:0
FNDA:0,(anonymous_0)
DA:12,0
DA:13,0
DA:18,0
LF:3
LH:0
BRF:0
BRH:0
end_of_record
TN:
SF:src\components\organisms\Explore\Explore.tsx
FN:29,(anonymous_0)
FN:49,(anonymous_1)
FN:104,(anonymous_2)
FN:106,(anonymous_3)
FN:121,(anonymous_4)
FN:122,(anonymous_5)
FN:128,(anonymous_6)
FN:132,(anonymous_7)
FNF:8
FNH:8
FNDA:4,(anonymous_0)
FNDA:1,(anonymous_1)
FNDA:29,(anonymous_2)
FNDA:29,(anonymous_3)
FNDA:5,(anonymous_4)
FNDA:5,(anonymous_5)
FNDA:1,(anonymous_6)
FNDA:1,(anonymous_7)
DA:29,5
DA:30,4
DA:31,4
DA:49,1
DA:104,5
DA:106,29
DA:108,29
DA:109,1
DA:111,28
DA:116,29
DA:117,29
DA:118,29
DA:122,5
DA:123,5
DA:129,1
DA:133,1
LF:16
LH:16
BRDA:108,0,0,1
BRDA:108,0,1,28
BRDA:140,1,0,26
BRDA:140,1,1,3
BRDA:144,2,0,3
BRDA:144,2,1,26
BRF:6
BRH:6
end_of_record
TN:
SF:src\components\organisms\Tabs\Tabs.stories.tsx
FN:11,(anonymous_0)
FNF:1
FNH:0
FNDA:0,(anonymous_0)
DA:11,0
DA:12,0
LF:2
LH:0
BRF:0
BRH:0
end_of_record
TN:
SF:src\components\organisms\Tabs\Tabs.tsx
FN:18,ColorTabs
FN:21,(anonymous_1)
FN:42,(anonymous_2)
FN:43,(anonymous_3)
FNF:4
FNH:4
FNDA:7,ColorTabs
FNDA:1,(anonymous_1)
FNDA:1,(anonymous_2)
FNDA:1,(anonymous_3)
DA:7,2
DA:19,7
DA:21,7
DA:22,1
DA:26,7
DA:42,1
DA:43,1
LF:7
LH:7
BRF:0
BRH:0
end_of_record
TN:
SF:src\pages\MyLibrary.stories.tsx
FN:12,(anonymous_0)
FNF:1
FNH:0
FNDA:0,(anonymous_0)
DA:12,0
DA:13,0
DA:18,0
LF:3
LH:0
BRF:0
BRH:0
end_of_record
TN:
SF:src\pages\MyLibrary.tsx
FN:15,(anonymous_0)
FN:24,(anonymous_1)
FN:29,(anonymous_2)
FN:31,(anonymous_3)
FN:43,formatTab
FN:47,(anonymous_5)
FN:52,(anonymous_6)
FN:64,(anonymous_7)
FN:76,(anonymous_8)
FN:81,(anonymous_9)
FN:85,(anonymous_10)
FN:88,(anonymous_11)
FNF:12
FNH:7
FNDA:3,(anonymous_0)
FNDA:2,(anonymous_1)
FNDA:2,(anonymous_2)
FNDA:2,(anonymous_3)
FNDA:0,formatTab
FNDA:0,(anonymous_5)
FNDA:0,(anonymous_6)
FNDA:0,(anonymous_7)
FNDA:0,(anonymous_8)
FNDA:2,(anonymous_9)
FNDA:20,(anonymous_10)
FNDA:12,(anonymous_11)
DA:15,1
DA:16,3
DA:18,2
DA:20,2
DA:24,2
DA:25,2
DA:26,0
DA:29,2
DA:31,2
DA:32,2
DA:33,0
DA:34,0
DA:37,2
DA:44,0
DA:47,2
DA:48,0
DA:50,0
DA:52,0
DA:53,0
DA:54,0
DA:55,0
DA:56,0
DA:59,0
DA:63,0
DA:64,0
DA:65,0
DA:66,0
DA:67,0
DA:68,0
DA:71,0
DA:76,0
DA:77,0
DA:81,2
DA:82,2
DA:86,20
DA:89,12
DA:112,2
LF:37
LH:16
BRDA:33,0,0,0
BRDA:33,0,1,0
BRDA:50,1,0,0
BRDA:50,1,1,0
BRDA:55,2,0,0
BRDA:55,2,1,0
BRDA:63,3,0,0
BRDA:63,3,1,0
BRDA:67,4,0,0
BRDA:67,4,1,0
BRDA:98,5,0,0
BRDA:98,5,1,12
BRDA:136,6,0,2
BRDA:136,6,1,0
BRF:14
BRH:2
end_of_record
TN:
SF:src\pages\BookDetailView\BookDetailView.tsx
FN:55,(anonymous_0)
FN:117,(anonymous_1)
FNF:2
FNH:2
FNDA:7,(anonymous_0)
FNDA:1,(anonymous_1)
DA:14,1
DA:25,1
DA:55,1
DA:56,7
DA:57,6
DA:58,6
DA:62,6
DA:117,1
LF:8
LH:8
BRF:0
BRH:0
end_of_record
TN:
SF:src\pages\BookDetailView\BookDetailedView.stories.tsx
FN:12,(anonymous_0)
FNF:1
FNH:0
FNDA:0,(anonymous_0)
DA:12,0
DA:13,0
DA:18,0
LF:3
LH:0
BRF:0
BRH:0
end_of_record
TN:
SF:src\pages\Entrepreneurship\Entrepreneurship.stories.tsx
FN:12,(anonymous_0)
FNF:1
FNH:0
FNDA:0,(anonymous_0)
DA:12,0
DA:13,0
DA:18,0
LF:3
LH:0
BRF:0
BRH:0
end_of_record
TN:
SF:src\pages\Entrepreneurship\Entrepreneurship.tsx
FN:14,(anonymous_0)
FN:19,(anonymous_1)
FN:24,(anonymous_2)
FN:33,(anonymous_3)
FN:36,(anonymous_4)
FN:64,(anonymous_5)
FN:78,(anonymous_6)
FN:81,(anonymous_7)
FN:133,(anonymous_8)
FN:136,(anonymous_9)
FN:191,(anonymous_10)
FN:194,(anonymous_11)
FN:265,(anonymous_12)
FNF:13
FNH:12
FNDA:6,(anonymous_0)
FNDA:0,(anonymous_1)
FNDA:1,(anonymous_2)
FNDA:10,(anonymous_3)
FNDA:1,(anonymous_4)
FNDA:4,(anonymous_5)
FNDA:40,(anonymous_6)
FNDA:28,(anonymous_7)
FNDA:40,(anonymous_8)
FNDA:12,(anonymous_9)
FNDA:40,(anonymous_10)
FNDA:12,(anonymous_11)
FNDA:2,(anonymous_12)
DA:14,1
DA:17,6
DA:19,5
DA:24,5
DA:26,1
DA:34,10
DA:37,1
DA:64,5
DA:66,4
DA:79,40
DA:82,28
DA:134,40
DA:137,12
DA:192,40
DA:195,12
DA:242,5
DA:265,2
LF:17
LH:17
BRDA:34,0,0,10
BRDA:34,0,1,9
BRDA:270,1,0,4
BRDA:270,1,1,1
BRF:4
BRH:4
end_of_record
